<?xml version="1.0" encoding="UTF-8"?>
<testsuite xmlns:xsi="http://www.w3.org/2001/XMLSchema-instance" xsi:noNamespaceSchemaLocation="https://maven.apache.org/surefire/maven-surefire-plugin/xsd/surefire-test-report-3.0.xsd" version="3.0" name="com.mycompany.nhom5.Nhom5Test" time="0.061" tests="12" errors="0" skipped="0" failures="0">
  <properties>
[...]
</properties>
  <testcase name="testDaysInMonth_T01" classname="com.mycompany.nhom5.Nhom5Test" time="0.015">
    <system-out><![CDATA[*** Ngày Trong Tháng | ID: T01 ***
Kết quả mong đợi của T01 với month là: 31 của 1/2024
]]></system-out>
  </testcase>
  <testcase name="testDaysInMonth_T02" classname="com.mycompany.nhom5.Nhom5Test" time="0.001">
    <system-out><![CDATA[*** Ngày Trong Tháng | ID: T02 ***
Kết quả mong đợi của T02 với month là: 31 của 1/2024
]]></system-out>
  </testcase>
  <testcase name="testDaysInMonth_T08" classname="com.mycompany.nhom5.Nhom5Test" time="0.0">
    <system-out><![CDATA[*** Ngày Trong Tháng | ID: T08 ***
Kết quả mong đợi của T03 với month là: 30 của 4/2024
]]></system-out>
  </testcase>
  <testcase name="testDaysInMonth_T09" classname="com.mycompany.nhom5.Nhom5Test" time="0.0">
    <system-out><![CDATA[*** Ngày Trong Tháng | ID: T09 ***
Kết quả mong đợi của T09 với month là: 30 của 6/2024
]]></system-out>
  </testcase>
  <testcase name="testDaysInMonth_T12" classname="com.mycompany.nhom5.Nhom5Test" time="0.0">
    <system-out><![CDATA[*** Ngày Trong Tháng | ID: T12 ***
Kết quả mong đợi của T12 với month là: 29 của 2/2024
]]></system-out>
  </testcase>
  <testcase name="testDaysInMonth_T13" classname="com.mycompany.nhom5.Nhom5Test" time="0.001">
    <system-out><![CDATA[*** Ngày Trong Tháng | ID: T13 ***
Kết quả mong đợi của T13 với month là: 29 của 2/2024
]]></system-out>
  </testcase>
  <testcase name="testIsValidateDate_T01" classname="com.mycompany.nhom5.Nhom5Test" time="0.0">
    <system-out><![CDATA[*** Ngày hợp lệ | ID: T01 ***
Hợp lệ: 31/1/2024
]]></system-out>
  </testcase>
  <testcase name="testIsValidateDate_T02" classname="com.mycompany.nhom5.Nhom5Test" time="0.001">
    <system-out><![CDATA[*** Ngày hợp lệ | ID: T02 ***
Hợp lệ: 31/1/2024
]]></system-out>
  </testcase>
  <testcase name="testIsValidateDate_T08" classname="com.mycompany.nhom5.Nhom5Test" time="0.0">
    <system-out><![CDATA[*** Ngày hợp lệ | ID: T08 ***
Hợp lệ: 30/4/2024
]]></system-out>
  </testcase>
  <testcase name="testIsValidateDate_T09" classname="com.mycompany.nhom5.Nhom5Test" time="0.001">
    <system-out><![CDATA[*** Ngày hợp lệ | ID: T09 ***
Hợp lệ: 30/6/2024
]]></system-out>
  </testcase>
  <testcase name="testIsValidateDate_T12" classname="com.mycompany.nhom5.Nhom5Test" time="0.0">
    <system-out><![CDATA[*** Ngày hợp lệ | ID: T12 ***
Hợp lệ: 29/2/2024
]]></system-out>
  </testcase>
  <testcase name="testIsValidateDate_T13" classname="com.mycompany.nhom5.Nhom5Test" time="0.0">
    <system-out><![CDATA[*** Ngày hợp lệ | ID: T13 ***
Hợp lệ: 29/2/2024
]]></system-out>
  </testcase>
</testsuite>